# JRE version: Java(TM) SE Runtime Environment (8.0_192-b12) (build 1.8.0_192-b12)
# Java VM: Java HotSpot(TM) Client VM (25.192-b12 mixed mode, sharing windows-x86 )
Heap:
 def new generation   total 4928K, used 531K [0x04400000, 0x04950000, 0x09950000)
  eden space 4416K,  11% used [0x04400000, 0x04484790, 0x04850000)
  from space 512K,   0% used [0x048d0000, 0x048d0858, 0x04950000)
  to   space 512K,   0% used [0x04850000, 0x04850000, 0x048d0000)
 tenured generation   total 10944K, used 377K [0x09950000, 0x0a400000, 0x14400000)
   the space 10944K,   3% used [0x09950000, 0x099ae760, 0x099ae800, 0x0a400000)
 Metaspace       used 420K, capacity 2632K, committed 2752K, reserved 4480K
GC Heap History (10 events):
Event: 87.848 GC heap before
{Heap before GC invocations=2 (full 0):
 def new generation   total 4928K, used 4416K [0x04400000, 0x04950000, 0x09950000)
  eden space 4416K, 100% used [0x04400000, 0x04850000, 0x04850000)
  from space 512K,   0% used [0x04850000, 0x04850360, 0x048d0000)
  to   space 512K,   0% used [0x048d0000, 0x048d0000, 0x04950000)
 tenured generation   total 10944K, used 377K [0x09950000, 0x0a400000, 0x14400000)
   the space 10944K,   3% used [0x09950000, 0x099ae760, 0x099ae800, 0x0a400000)
 Metaspace       used 420K, capacity 2632K, committed 2752K, reserved 4480K
Event: 87.849 GC heap after
Heap after GC invocations=3 (full 0):
 def new generation   total 4928K, used 1K [0x04400000, 0x04950000, 0x09950000)
  eden space 4416K,   0% used [0x04400000, 0x04400000, 0x04850000)
  from space 512K,   0% used [0x048d0000, 0x048d06c0, 0x04950000)
  to   space 512K,   0% used [0x04850000, 0x04850000, 0x048d0000)
 tenured generation   total 10944K, used 377K [0x09950000, 0x0a400000, 0x14400000)
   the space 10944K,   3% used [0x09950000, 0x099ae760, 0x099ae800, 0x0a400000)
 Metaspace       used 420K, capacity 2632K, committed 2752K, reserved 4480K
}
Event: 99.796 GC heap before
{Heap before GC invocations=3 (full 0):
 def new generation   total 4928K, used 4417K [0x04400000, 0x04950000, 0x09950000)
  eden space 4416K, 100% used [0x04400000, 0x04850000, 0x04850000)
  from space 512K,   0% used [0x048d0000, 0x048d06c0, 0x04950000)
  to   space 512K,   0% used [0x04850000, 0x04850000, 0x048d0000)
 tenured generation   total 10944K, used 377K [0x09950000, 0x0a400000, 0x14400000)
   the space 10944K,   3% used [0x09950000, 0x099ae760, 0x099ae800, 0x0a400000)
 Metaspace       used 420K, capacity 2632K, committed 2752K, reserved 4480K
Event: 99.796 GC heap after
Heap after GC invocations=4 (full 0):
 def new generation   total 4928K, used 1K [0x04400000, 0x04950000, 0x09950000)
  eden space 4416K,   0% used [0x04400000, 0x04400000, 0x04850000)
  from space 512K,   0% used [0x04850000, 0x048506f0, 0x048d0000)
  to   space 512K,   0% used [0x048d0000, 0x048d0000, 0x04950000)
 tenured generation   total 10944K, used 377K [0x09950000, 0x0a400000, 0x14400000)
   the space 10944K,   3% used [0x09950000, 0x099ae760, 0x099ae800, 0x0a400000)
 Metaspace       used 420K, capacity 2632K, committed 2752K, reserved 4480K
}
Event: 104.623 GC heap before
{Heap before GC invocations=4 (full 0):
 def new generation   total 4928K, used 4417K [0x04400000, 0x04950000, 0x09950000)
  eden space 4416K, 100% used [0x04400000, 0x04850000, 0x04850000)
  from space 512K,   0% used [0x04850000, 0x048506f0, 0x048d0000)
  to   space 512K,   0% used [0x048d0000, 0x048d0000, 0x04950000)
 tenured generation   total 10944K, used 377K [0x09950000, 0x0a400000, 0x14400000)
   the space 10944K,   3% used [0x09950000, 0x099ae760, 0x099ae800, 0x0a400000)
 Metaspace       used 420K, capacity 2632K, committed 2752K, reserved 4480K
Event: 104.624 GC heap after
Heap after GC invocations=5 (full 0):
 def new generation   total 4928K, used 1K [0x04400000, 0x04950000, 0x09950000)
  eden space 4416K,   0% used [0x04400000, 0x04400000, 0x04850000)
  from space 512K,   0% used [0x048d0000, 0x048d0770, 0x04950000)
  to   space 512K,   0% used [0x04850000, 0x04850000, 0x048d0000)
 tenured generation   total 10944K, used 377K [0x09950000, 0x0a400000, 0x14400000)
   the space 10944K,   3% used [0x09950000, 0x099ae760, 0x099ae800, 0x0a400000)
 Metaspace       used 420K, capacity 2632K, committed 2752K, reserved 4480K
}
Event: 111.470 GC heap before
{Heap before GC invocations=5 (full 0):
 def new generation   total 4928K, used 4417K [0x04400000, 0x04950000, 0x09950000)
  eden space 4416K, 100% used [0x04400000, 0x04850000, 0x04850000)
  from space 512K,   0% used [0x048d0000, 0x048d0770, 0x04950000)
  to   space 512K,   0% used [0x04850000, 0x04850000, 0x048d0000)
 tenured generation   total 10944K, used 377K [0x09950000, 0x0a400000, 0x14400000)
   the space 10944K,   3% used [0x09950000, 0x099ae760, 0x099ae800, 0x0a400000)
 Metaspace       used 420K, capacity 2632K, committed 2752K, reserved 4480K
Event: 111.470 GC heap after
Heap after GC invocations=6 (full 0):
 def new generation   total 4928K, used 1K [0x04400000, 0x04950000, 0x09950000)
  eden space 4416K,   0% used [0x04400000, 0x04400000, 0x04850000)
  from space 512K,   0% used [0x04850000, 0x04850528, 0x048d0000)
  to   space 512K,   0% used [0x048d0000, 0x048d0000, 0x04950000)
 tenured generation   total 10944K, used 377K [0x09950000, 0x0a400000, 0x14400000)
   the space 10944K,   3% used [0x09950000, 0x099ae760, 0x099ae800, 0x0a400000)
 Metaspace       used 420K, capacity 2632K, committed 2752K, reserved 4480K
}
Event: 135.712 GC heap before
{Heap before GC invocations=6 (full 0):
 def new generation   total 4928K, used 4417K [0x04400000, 0x04950000, 0x09950000)
  eden space 4416K, 100% used [0x04400000, 0x04850000, 0x04850000)
  from space 512K,   0% used [0x04850000, 0x04850528, 0x048d0000)
  to   space 512K,   0% used [0x048d0000, 0x048d0000, 0x04950000)
 tenured generation   total 10944K, used 377K [0x09950000, 0x0a400000, 0x14400000)
   the space 10944K,   3% used [0x09950000, 0x099ae760, 0x099ae800, 0x0a400000)
 Metaspace       used 420K, capacity 2632K, committed 2752K, reserved 4480K
Event: 135.712 GC heap after
Heap after GC invocations=7 (full 0):
 def new generation   total 4928K, used 2K [0x04400000, 0x04950000, 0x09950000)
  eden space 4416K,   0% used [0x04400000, 0x04400000, 0x04850000)
  from space 512K,   0% used [0x048d0000, 0x048d0858, 0x04950000)
  to   space 512K,   0% used [0x04850000, 0x04850000, 0x048d0000)
 tenured generation   total 10944K, used 377K [0x09950000, 0x0a400000, 0x14400000)
   the space 10944K,   3% used [0x09950000, 0x099ae760, 0x099ae800, 0x0a400000)
 Metaspace       used 420K, capacity 2632K, committed 2752K, reserved 4480K
}

