# JRE version: Java(TM) SE Runtime Environment (8.0_192-b12) (build 1.8.0_192-b12)
# Java VM: Java HotSpot(TM) Client VM (25.192-b12 mixed mode windows-x86 )
Heap:
 def new generation   total 4928K, used 2304K [0x04a00000, 0x04f50000, 0x09f50000)
  eden space 4416K,  52% used [0x04a00000, 0x04c3e278, 0x04e50000)
  from space 512K,   1% used [0x04e50000, 0x04e52138, 0x04ed0000)
  to   space 512K,   0% used [0x04ed0000, 0x04ed0000, 0x04f50000)
 tenured generation   total 10944K, used 381K [0x09f50000, 0x0aa00000, 0x14a00000)
   the space 10944K,   3% used [0x09f50000, 0x09faf4b8, 0x09faf600, 0x0aa00000)
 Metaspace       used 2094K, capacity 2632K, committed 2752K, reserved 4480K
GC Heap History (10 events):
Event: 561.493 GC heap before
{Heap before GC invocations=11 (full 0):
 def new generation   total 4928K, used 4416K [0x04a00000, 0x04f50000, 0x09f50000)
  eden space 4416K, 100% used [0x04a00000, 0x04e50000, 0x04e50000)
  from space 512K,   0% used [0x04ed0000, 0x04ed03d0, 0x04f50000)
  to   space 512K,   0% used [0x04e50000, 0x04e50000, 0x04ed0000)
 tenured generation   total 10944K, used 381K [0x09f50000, 0x0aa00000, 0x14a00000)
   the space 10944K,   3% used [0x09f50000, 0x09faf4b8, 0x09faf600, 0x0aa00000)
 Metaspace       used 2094K, capacity 2632K, committed 2752K, reserved 4480K
Event: 561.493 GC heap after
Heap after GC invocations=12 (full 0):
 def new generation   total 4928K, used 0K [0x04a00000, 0x04f50000, 0x09f50000)
  eden space 4416K,   0% used [0x04a00000, 0x04a00000, 0x04e50000)
  from space 512K,   0% used [0x04e50000, 0x04e503d0, 0x04ed0000)
  to   space 512K,   0% used [0x04ed0000, 0x04ed0000, 0x04f50000)
 tenured generation   total 10944K, used 381K [0x09f50000, 0x0aa00000, 0x14a00000)
   the space 10944K,   3% used [0x09f50000, 0x09faf4b8, 0x09faf600, 0x0aa00000)
 Metaspace       used 2094K, capacity 2632K, committed 2752K, reserved 4480K
}
Event: 594.681 GC heap before
{Heap before GC invocations=12 (full 0):
 def new generation   total 4928K, used 4416K [0x04a00000, 0x04f50000, 0x09f50000)
  eden space 4416K, 100% used [0x04a00000, 0x04e50000, 0x04e50000)
  from space 512K,   0% used [0x04e50000, 0x04e503d0, 0x04ed0000)
  to   space 512K,   0% used [0x04ed0000, 0x04ed0000, 0x04f50000)
 tenured generation   total 10944K, used 381K [0x09f50000, 0x0aa00000, 0x14a00000)
   the space 10944K,   3% used [0x09f50000, 0x09faf4b8, 0x09faf600, 0x0aa00000)
 Metaspace       used 2094K, capacity 2632K, committed 2752K, reserved 4480K
Event: 594.681 GC heap after
Heap after GC invocations=13 (full 0):
 def new generation   total 4928K, used 0K [0x04a00000, 0x04f50000, 0x09f50000)
  eden space 4416K,   0% used [0x04a00000, 0x04a00000, 0x04e50000)
  from space 512K,   0% used [0x04ed0000, 0x04ed03d0, 0x04f50000)
  to   space 512K,   0% used [0x04e50000, 0x04e50000, 0x04ed0000)
 tenured generation   total 10944K, used 381K [0x09f50000, 0x0aa00000, 0x14a00000)
   the space 10944K,   3% used [0x09f50000, 0x09faf4b8, 0x09faf600, 0x0aa00000)
 Metaspace       used 2094K, capacity 2632K, committed 2752K, reserved 4480K
}
Event: 627.853 GC heap before
{Heap before GC invocations=13 (full 0):
 def new generation   total 4928K, used 4416K [0x04a00000, 0x04f50000, 0x09f50000)
  eden space 4416K, 100% used [0x04a00000, 0x04e50000, 0x04e50000)
  from space 512K,   0% used [0x04ed0000, 0x04ed03d0, 0x04f50000)
  to   space 512K,   0% used [0x04e50000, 0x04e50000, 0x04ed0000)
 tenured generation   total 10944K, used 381K [0x09f50000, 0x0aa00000, 0x14a00000)
   the space 10944K,   3% used [0x09f50000, 0x09faf4b8, 0x09faf600, 0x0aa00000)
 Metaspace       used 2094K, capacity 2632K, committed 2752K, reserved 4480K
Event: 627.853 GC heap after
Heap after GC invocations=14 (full 0):
 def new generation   total 4928K, used 0K [0x04a00000, 0x04f50000, 0x09f50000)
  eden space 4416K,   0% used [0x04a00000, 0x04a00000, 0x04e50000)
  from space 512K,   0% used [0x04e50000, 0x04e503d0, 0x04ed0000)
  to   space 512K,   0% used [0x04ed0000, 0x04ed0000, 0x04f50000)
 tenured generation   total 10944K, used 381K [0x09f50000, 0x0aa00000, 0x14a00000)
   the space 10944K,   3% used [0x09f50000, 0x09faf4b8, 0x09faf600, 0x0aa00000)
 Metaspace       used 2094K, capacity 2632K, committed 2752K, reserved 4480K
}
Event: 662.259 GC heap before
{Heap before GC invocations=14 (full 0):
 def new generation   total 4928K, used 4416K [0x04a00000, 0x04f50000, 0x09f50000)
  eden space 4416K, 100% used [0x04a00000, 0x04e50000, 0x04e50000)
  from space 512K,   0% used [0x04e50000, 0x04e503d0, 0x04ed0000)
  to   space 512K,   0% used [0x04ed0000, 0x04ed0000, 0x04f50000)
 tenured generation   total 10944K, used 381K [0x09f50000, 0x0aa00000, 0x14a00000)
   the space 10944K,   3% used [0x09f50000, 0x09faf4b8, 0x09faf600, 0x0aa00000)
 Metaspace       used 2094K, capacity 2632K, committed 2752K, reserved 4480K
Event: 662.259 GC heap after
Heap after GC invocations=15 (full 0):
 def new generation   total 4928K, used 1K [0x04a00000, 0x04f50000, 0x09f50000)
  eden space 4416K,   0% used [0x04a00000, 0x04a00000, 0x04e50000)
  from space 512K,   0% used [0x04ed0000, 0x04ed05a8, 0x04f50000)
  to   space 512K,   0% used [0x04e50000, 0x04e50000, 0x04ed0000)
 tenured generation   total 10944K, used 381K [0x09f50000, 0x0aa00000, 0x14a00000)
   the space 10944K,   3% used [0x09f50000, 0x09faf4b8, 0x09faf600, 0x0aa00000)
 Metaspace       used 2094K, capacity 2632K, committed 2752K, reserved 4480K
}
Event: 65140.013 GC heap before
{Heap before GC invocations=15 (full 0):
 def new generation   total 4928K, used 4417K [0x04a00000, 0x04f50000, 0x09f50000)
  eden space 4416K, 100% used [0x04a00000, 0x04e50000, 0x04e50000)
  from space 512K,   0% used [0x04ed0000, 0x04ed05a8, 0x04f50000)
  to   space 512K,   0% used [0x04e50000, 0x04e50000, 0x04ed0000)
 tenured generation   total 10944K, used 381K [0x09f50000, 0x0aa00000, 0x14a00000)
   the space 10944K,   3% used [0x09f50000, 0x09faf4b8, 0x09faf600, 0x0aa00000)
 Metaspace       used 2094K, capacity 2632K, committed 2752K, reserved 4480K
Event: 65140.014 GC heap after
Heap after GC invocations=16 (full 0):
 def new generation   total 4928K, used 8K [0x04a00000, 0x04f50000, 0x09f50000)
  eden space 4416K,   0% used [0x04a00000, 0x04a00000, 0x04e50000)
  from space 512K,   1% used [0x04e50000, 0x04e52138, 0x04ed0000)
  to   space 512K,   0% used [0x04ed0000, 0x04ed0000, 0x04f50000)
 tenured generation   total 10944K, used 381K [0x09f50000, 0x0aa00000, 0x14a00000)
   the space 10944K,   3% used [0x09f50000, 0x09faf4b8, 0x09faf600, 0x0aa00000)
 Metaspace       used 2094K, capacity 2632K, committed 2752K, reserved 4480K
}

